{
  "/Users/cereallarceny/Dropbox/Development/openmined/code/syft.js/lib/index.js": {
    "path": "/Users/cereallarceny/Dropbox/Development/openmined/code/syft.js/lib/index.js",
    "statementMap": {
      "0": {
        "start": { "line": 1, "column": 0 },
        "end": { "line": 1, "column": 4730 }
      },
      "1": {
        "start": { "line": 1, "column": 15 },
        "end": { "line": 1, "column": 197 }
      },
      "2": {
        "start": { "line": 1, "column": 245 },
        "end": { "line": 1, "column": 322 }
      },
      "3": {
        "start": { "line": 1, "column": 266 },
        "end": { "line": 1, "column": 322 }
      },
      "4": {
        "start": { "line": 1, "column": 339 },
        "end": { "line": 1, "column": 488 }
      },
      "5": {
        "start": { "line": 1, "column": 373 },
        "end": { "line": 1, "column": 377 }
      },
      "6": {
        "start": { "line": 1, "column": 378 },
        "end": { "line": 1, "column": 487 }
      },
      "7": {
        "start": { "line": 1, "column": 507 },
        "end": { "line": 1, "column": 545 }
      },
      "8": {
        "start": { "line": 1, "column": 552 },
        "end": { "line": 1, "column": 921 }
      },
      "9": {
        "start": { "line": 1, "column": 576 },
        "end": { "line": 1, "column": 603 }
      },
      "10": {
        "start": { "line": 1, "column": 604 },
        "end": { "line": 1, "column": 918 }
      },
      "11": {
        "start": { "line": 1, "column": 653 },
        "end": { "line": 1, "column": 689 }
      },
      "12": {
        "start": { "line": 1, "column": 729 },
        "end": { "line": 1, "column": 805 }
      },
      "13": {
        "start": { "line": 1, "column": 784 },
        "end": { "line": 1, "column": 790 }
      },
      "14": {
        "start": { "line": 1, "column": 791 },
        "end": { "line": 1, "column": 803 }
      },
      "15": {
        "start": { "line": 1, "column": 845 },
        "end": { "line": 1, "column": 912 }
      },
      "16": {
        "start": { "line": 1, "column": 880 },
        "end": { "line": 1, "column": 910 }
      },
      "17": {
        "start": { "line": 1, "column": 894 },
        "end": { "line": 1, "column": 910 }
      },
      "18": {
        "start": { "line": 1, "column": 924 },
        "end": { "line": 1, "column": 1130 }
      },
      "19": {
        "start": { "line": 1, "column": 949 },
        "end": { "line": 1, "column": 973 }
      },
      "20": {
        "start": { "line": 1, "column": 974 },
        "end": { "line": 1, "column": 1127 }
      },
      "21": {
        "start": { "line": 1, "column": 1017 },
        "end": { "line": 1, "column": 1121 }
      },
      "22": {
        "start": { "line": 1, "column": 1040 },
        "end": { "line": 1, "column": 1086 }
      },
      "23": {
        "start": { "line": 1, "column": 1087 },
        "end": { "line": 1, "column": 1120 }
      },
      "24": {
        "start": { "line": 1, "column": 1131 },
        "end": { "line": 1, "column": 4727 }
      },
      "25": {
        "start": { "line": 1, "column": 1168 },
        "end": { "line": 1, "column": 1225 }
      },
      "26": {
        "start": { "line": 1, "column": 1226 },
        "end": { "line": 1, "column": 1236 }
      },
      "27": {
        "start": { "line": 1, "column": 1242 },
        "end": { "line": 1, "column": 1247 }
      },
      "28": {
        "start": { "line": 1, "column": 1250 },
        "end": { "line": 1, "column": 1259 }
      },
      "29": {
        "start": { "line": 1, "column": 1260 },
        "end": { "line": 1, "column": 1359 }
      },
      "30": {
        "start": { "line": 1, "column": 1360 },
        "end": { "line": 1, "column": 4724 }
      },
      "31": {
        "start": { "line": 1, "column": 1413 },
        "end": { "line": 1, "column": 1425 }
      },
      "32": {
        "start": { "line": 1, "column": 1426 },
        "end": { "line": 1, "column": 1468 }
      },
      "33": {
        "start": { "line": 1, "column": 1516 },
        "end": { "line": 1, "column": 1569 }
      },
      "34": {
        "start": { "line": 1, "column": 1546 },
        "end": { "line": 1, "column": 1561 }
      },
      "35": {
        "start": { "line": 1, "column": 1570 },
        "end": { "line": 1, "column": 1611 }
      },
      "36": {
        "start": { "line": 1, "column": 1660 },
        "end": { "line": 1, "column": 1664 }
      },
      "37": {
        "start": { "line": 1, "column": 1665 },
        "end": { "line": 1, "column": 1726 }
      },
      "38": {
        "start": { "line": 1, "column": 1707 },
        "end": { "line": 1, "column": 1722 }
      },
      "39": {
        "start": { "line": 1, "column": 1766 },
        "end": { "line": 1, "column": 1830 }
      },
      "40": {
        "start": { "line": 1, "column": 1836 },
        "end": { "line": 1, "column": 1861 }
      },
      "41": {
        "start": { "line": 1, "column": 1862 },
        "end": { "line": 1, "column": 2034 }
      },
      "42": {
        "start": { "line": 1, "column": 2075 },
        "end": { "line": 1, "column": 2126 }
      },
      "43": {
        "start": { "line": 1, "column": 2132 },
        "end": { "line": 1, "column": 2154 }
      },
      "44": {
        "start": { "line": 1, "column": 2155 },
        "end": { "line": 1, "column": 2395 }
      },
      "45": {
        "start": { "line": 1, "column": 2438 },
        "end": { "line": 1, "column": 2536 }
      },
      "46": {
        "start": { "line": 1, "column": 2542 },
        "end": { "line": 1, "column": 2566 }
      },
      "47": {
        "start": { "line": 1, "column": 2569 },
        "end": { "line": 1, "column": 2593 }
      },
      "48": {
        "start": { "line": 1, "column": 2594 },
        "end": { "line": 1, "column": 2876 }
      },
      "49": {
        "start": { "line": 1, "column": 2603 },
        "end": { "line": 1, "column": 2810 }
      },
      "50": {
        "start": { "line": 1, "column": 2644 },
        "end": { "line": 1, "column": 2665 }
      },
      "51": {
        "start": { "line": 1, "column": 2666 },
        "end": { "line": 1, "column": 2809 }
      },
      "52": {
        "start": { "line": 1, "column": 2810 },
        "end": { "line": 1, "column": 2875 }
      },
      "53": {
        "start": { "line": 1, "column": 2876 },
        "end": { "line": 1, "column": 2928 }
      },
      "54": {
        "start": { "line": 1, "column": 2974 },
        "end": { "line": 1, "column": 3019 }
      },
      "55": {
        "start": { "line": 1, "column": 3061 },
        "end": { "line": 1, "column": 3102 }
      },
      "56": {
        "start": { "line": 1, "column": 3145 },
        "end": { "line": 1, "column": 3187 }
      },
      "57": {
        "start": { "line": 1, "column": 3229 },
        "end": { "line": 1, "column": 3268 }
      },
      "58": {
        "start": { "line": 1, "column": 3312 },
        "end": { "line": 1, "column": 3354 }
      },
      "59": {
        "start": { "line": 1, "column": 3405 },
        "end": { "line": 1, "column": 3502 }
      },
      "60": {
        "start": { "line": 1, "column": 3545 },
        "end": { "line": 1, "column": 3934 }
      },
      "61": {
        "start": { "line": 1, "column": 3976 },
        "end": { "line": 1, "column": 4226 }
      },
      "62": {
        "start": { "line": 1, "column": 4026 },
        "end": { "line": 1, "column": 4041 }
      },
      "63": {
        "start": { "line": 1, "column": 4042 },
        "end": { "line": 1, "column": 4225 }
      },
      "64": {
        "start": { "line": 1, "column": 4226 },
        "end": { "line": 1, "column": 4283 }
      },
      "65": {
        "start": { "line": 1, "column": 4317 },
        "end": { "line": 1, "column": 4545 }
      },
      "66": {
        "start": { "line": 1, "column": 4577 },
        "end": { "line": 1, "column": 4718 }
      }
    },
    "fnMap": {
      "0": {
        "name": "(anonymous_0)",
        "decl": {
          "start": { "line": 1, "column": 1 },
          "end": { "line": 1, "column": 2 }
        },
        "loc": {
          "start": { "line": 1, "column": 14 },
          "end": { "line": 1, "column": 198 }
        },
        "line": 1
      },
      "1": {
        "name": "(anonymous_1)",
        "decl": {
          "start": { "line": 1, "column": 204 },
          "end": { "line": 1, "column": 205 }
        },
        "loc": {
          "start": { "line": 1, "column": 215 },
          "end": { "line": 1, "column": 4728 }
        },
        "line": 1
      },
      "2": {
        "name": "t",
        "decl": {
          "start": { "line": 1, "column": 238 },
          "end": { "line": 1, "column": 239 }
        },
        "loc": {
          "start": { "line": 1, "column": 244 },
          "end": { "line": 1, "column": 323 }
        },
        "line": 1
      },
      "3": {
        "name": "s",
        "decl": {
          "start": { "line": 1, "column": 332 },
          "end": { "line": 1, "column": 333 }
        },
        "loc": {
          "start": { "line": 1, "column": 338 },
          "end": { "line": 1, "column": 489 }
        },
        "line": 1
      },
      "4": {
        "name": "n",
        "decl": {
          "start": { "line": 1, "column": 498 },
          "end": { "line": 1, "column": 499 }
        },
        "loc": {
          "start": { "line": 1, "column": 506 },
          "end": { "line": 1, "column": 546 }
        },
        "line": 1
      },
      "5": {
        "name": "(anonymous_5)",
        "decl": {
          "start": { "line": 1, "column": 552 },
          "end": { "line": 1, "column": 553 }
        },
        "loc": {
          "start": { "line": 1, "column": 562 },
          "end": { "line": 1, "column": 919 }
        },
        "line": 1
      },
      "6": {
        "name": "e",
        "decl": {
          "start": { "line": 1, "column": 572 },
          "end": { "line": 1, "column": 573 }
        },
        "loc": {
          "start": { "line": 1, "column": 575 },
          "end": { "line": 1, "column": 604 }
        },
        "line": 1
      },
      "7": {
        "name": "(anonymous_7)",
        "decl": {
          "start": { "line": 1, "column": 639 },
          "end": { "line": 1, "column": 640 }
        },
        "loc": {
          "start": { "line": 1, "column": 652 },
          "end": { "line": 1, "column": 690 }
        },
        "line": 1
      },
      "8": {
        "name": "(anonymous_8)",
        "decl": {
          "start": { "line": 1, "column": 717 },
          "end": { "line": 1, "column": 718 }
        },
        "loc": {
          "start": { "line": 1, "column": 728 },
          "end": { "line": 1, "column": 806 }
        },
        "line": 1
      },
      "9": {
        "name": "(anonymous_9)",
        "decl": {
          "start": { "line": 1, "column": 766 },
          "end": { "line": 1, "column": 767 }
        },
        "loc": {
          "start": { "line": 1, "column": 777 },
          "end": { "line": 1, "column": 804 }
        },
        "line": 1
      },
      "10": {
        "name": "(anonymous_10)",
        "decl": {
          "start": { "line": 1, "column": 831 },
          "end": { "line": 1, "column": 832 }
        },
        "loc": {
          "start": { "line": 1, "column": 844 },
          "end": { "line": 1, "column": 913 }
        },
        "line": 1
      },
      "11": {
        "name": "(anonymous_11)",
        "decl": {
          "start": { "line": 1, "column": 868 },
          "end": { "line": 1, "column": 869 }
        },
        "loc": {
          "start": { "line": 1, "column": 879 },
          "end": { "line": 1, "column": 911 }
        },
        "line": 1
      },
      "12": {
        "name": "(anonymous_12)",
        "decl": {
          "start": { "line": 1, "column": 924 },
          "end": { "line": 1, "column": 925 }
        },
        "loc": {
          "start": { "line": 1, "column": 934 },
          "end": { "line": 1, "column": 1128 }
        },
        "line": 1
      },
      "13": {
        "name": "e",
        "decl": {
          "start": { "line": 1, "column": 944 },
          "end": { "line": 1, "column": 945 }
        },
        "loc": {
          "start": { "line": 1, "column": 948 },
          "end": { "line": 1, "column": 974 }
        },
        "line": 1
      },
      "14": {
        "name": "(anonymous_14)",
        "decl": {
          "start": { "line": 1, "column": 1003 },
          "end": { "line": 1, "column": 1004 }
        },
        "loc": {
          "start": { "line": 1, "column": 1016 },
          "end": { "line": 1, "column": 1122 }
        },
        "line": 1
      },
      "15": {
        "name": "(anonymous_15)",
        "decl": {
          "start": { "line": 1, "column": 1138 },
          "end": { "line": 1, "column": 1139 }
        },
        "loc": {
          "start": { "line": 1, "column": 1148 },
          "end": { "line": 1, "column": 4725 }
        },
        "line": 1
      },
      "16": {
        "name": "s",
        "decl": {
          "start": { "line": 1, "column": 1158 },
          "end": { "line": 1, "column": 1159 }
        },
        "loc": {
          "start": { "line": 1, "column": 1161 },
          "end": { "line": 1, "column": 1360 }
        },
        "line": 1
      },
      "17": {
        "name": "(anonymous_17)",
        "decl": {
          "start": { "line": 1, "column": 1396 },
          "end": { "line": 1, "column": 1397 }
        },
        "loc": {
          "start": { "line": 1, "column": 1406 },
          "end": { "line": 1, "column": 1469 }
        },
        "line": 1
      },
      "18": {
        "name": "(anonymous_18)",
        "decl": {
          "start": { "line": 1, "column": 1498 },
          "end": { "line": 1, "column": 1499 }
        },
        "loc": {
          "start": { "line": 1, "column": 1509 },
          "end": { "line": 1, "column": 1612 }
        },
        "line": 1
      },
      "19": {
        "name": "(anonymous_19)",
        "decl": {
          "start": { "line": 1, "column": 1534 },
          "end": { "line": 1, "column": 1535 }
        },
        "loc": {
          "start": { "line": 1, "column": 1545 },
          "end": { "line": 1, "column": 1562 }
        },
        "line": 1
      },
      "20": {
        "name": "(anonymous_20)",
        "decl": {
          "start": { "line": 1, "column": 1642 },
          "end": { "line": 1, "column": 1643 }
        },
        "loc": {
          "start": { "line": 1, "column": 1653 },
          "end": { "line": 1, "column": 1727 }
        },
        "line": 1
      },
      "21": {
        "name": "(anonymous_21)",
        "decl": {
          "start": { "line": 1, "column": 1693 },
          "end": { "line": 1, "column": 1694 }
        },
        "loc": {
          "start": { "line": 1, "column": 1706 },
          "end": { "line": 1, "column": 1723 }
        },
        "line": 1
      },
      "22": {
        "name": "(anonymous_22)",
        "decl": {
          "start": { "line": 1, "column": 1752 },
          "end": { "line": 1, "column": 1753 }
        },
        "loc": {
          "start": { "line": 1, "column": 1765 },
          "end": { "line": 1, "column": 2035 }
        },
        "line": 1
      },
      "23": {
        "name": "(anonymous_23)",
        "decl": {
          "start": { "line": 1, "column": 2063 },
          "end": { "line": 1, "column": 2064 }
        },
        "loc": {
          "start": { "line": 1, "column": 2074 },
          "end": { "line": 1, "column": 2396 }
        },
        "line": 1
      },
      "24": {
        "name": "(anonymous_24)",
        "decl": {
          "start": { "line": 1, "column": 2424 },
          "end": { "line": 1, "column": 2425 }
        },
        "loc": {
          "start": { "line": 1, "column": 2437 },
          "end": { "line": 1, "column": 2929 }
        },
        "line": 1
      },
      "25": {
        "name": "(anonymous_25)",
        "decl": {
          "start": { "line": 1, "column": 2962 },
          "end": { "line": 1, "column": 2963 }
        },
        "loc": {
          "start": { "line": 1, "column": 2973 },
          "end": { "line": 1, "column": 3020 }
        },
        "line": 1
      },
      "26": {
        "name": "(anonymous_26)",
        "decl": {
          "start": { "line": 1, "column": 3049 },
          "end": { "line": 1, "column": 3050 }
        },
        "loc": {
          "start": { "line": 1, "column": 3060 },
          "end": { "line": 1, "column": 3103 }
        },
        "line": 1
      },
      "27": {
        "name": "(anonymous_27)",
        "decl": {
          "start": { "line": 1, "column": 3133 },
          "end": { "line": 1, "column": 3134 }
        },
        "loc": {
          "start": { "line": 1, "column": 3144 },
          "end": { "line": 1, "column": 3188 }
        },
        "line": 1
      },
      "28": {
        "name": "(anonymous_28)",
        "decl": {
          "start": { "line": 1, "column": 3217 },
          "end": { "line": 1, "column": 3218 }
        },
        "loc": {
          "start": { "line": 1, "column": 3228 },
          "end": { "line": 1, "column": 3269 }
        },
        "line": 1
      },
      "29": {
        "name": "(anonymous_29)",
        "decl": {
          "start": { "line": 1, "column": 3300 },
          "end": { "line": 1, "column": 3301 }
        },
        "loc": {
          "start": { "line": 1, "column": 3311 },
          "end": { "line": 1, "column": 3355 }
        },
        "line": 1
      },
      "30": {
        "name": "(anonymous_30)",
        "decl": {
          "start": { "line": 1, "column": 3393 },
          "end": { "line": 1, "column": 3394 }
        },
        "loc": {
          "start": { "line": 1, "column": 3404 },
          "end": { "line": 1, "column": 3503 }
        },
        "line": 1
      },
      "31": {
        "name": "(anonymous_31)",
        "decl": {
          "start": { "line": 1, "column": 3533 },
          "end": { "line": 1, "column": 3534 }
        },
        "loc": {
          "start": { "line": 1, "column": 3544 },
          "end": { "line": 1, "column": 3935 }
        },
        "line": 1
      },
      "32": {
        "name": "(anonymous_32)",
        "decl": {
          "start": { "line": 1, "column": 3962 },
          "end": { "line": 1, "column": 3963 }
        },
        "loc": {
          "start": { "line": 1, "column": 3975 },
          "end": { "line": 1, "column": 4284 }
        },
        "line": 1
      },
      "33": {
        "name": "(anonymous_33)",
        "decl": {
          "start": { "line": 1, "column": 4305 },
          "end": { "line": 1, "column": 4306 }
        },
        "loc": {
          "start": { "line": 1, "column": 4316 },
          "end": { "line": 1, "column": 4546 }
        },
        "line": 1
      },
      "34": {
        "name": "(anonymous_34)",
        "decl": {
          "start": { "line": 1, "column": 4566 },
          "end": { "line": 1, "column": 4567 }
        },
        "loc": {
          "start": { "line": 1, "column": 4576 },
          "end": { "line": 1, "column": 4719 }
        },
        "line": 1
      }
    },
    "branchMap": {
      "0": {
        "loc": {
          "start": { "line": 1, "column": 15 },
          "end": { "line": 1, "column": 197 }
        },
        "type": "cond-expr",
        "locations": [
          {
            "start": { "line": 1, "column": 68 },
            "end": { "line": 1, "column": 113 }
          },
          {
            "start": { "line": 1, "column": 114 },
            "end": { "line": 1, "column": 197 }
          }
        ],
        "line": 1
      },
      "1": {
        "loc": {
          "start": { "line": 1, "column": 15 },
          "end": { "line": 1, "column": 67 }
        },
        "type": "binary-expr",
        "locations": [
          {
            "start": { "line": 1, "column": 15 },
            "end": { "line": 1, "column": 39 }
          },
          {
            "start": { "line": 1, "column": 41 },
            "end": { "line": 1, "column": 67 }
          }
        ],
        "line": 1
      },
      "2": {
        "loc": {
          "start": { "line": 1, "column": 114 },
          "end": { "line": 1, "column": 197 }
        },
        "type": "cond-expr",
        "locations": [
          {
            "start": { "line": 1, "column": 152 },
            "end": { "line": 1, "column": 182 }
          },
          {
            "start": { "line": 1, "column": 183 },
            "end": { "line": 1, "column": 197 }
          }
        ],
        "line": 1
      },
      "3": {
        "loc": {
          "start": { "line": 1, "column": 114 },
          "end": { "line": 1, "column": 151 }
        },
        "type": "binary-expr",
        "locations": [
          {
            "start": { "line": 1, "column": 114 },
            "end": { "line": 1, "column": 139 }
          },
          {
            "start": { "line": 1, "column": 141 },
            "end": { "line": 1, "column": 151 }
          }
        ],
        "line": 1
      },
      "4": {
        "loc": {
          "start": { "line": 1, "column": 245 },
          "end": { "line": 1, "column": 322 }
        },
        "type": "if",
        "locations": [
          {
            "start": { "line": 1, "column": 245 },
            "end": { "line": 1, "column": 322 }
          },
          {
            "start": { "line": 1, "column": 245 },
            "end": { "line": 1, "column": 322 }
          }
        ],
        "line": 1
      },
      "5": {
        "loc": {
          "start": { "line": 1, "column": 391 },
          "end": { "line": 1, "column": 407 }
        },
        "type": "binary-expr",
        "locations": [
          {
            "start": { "line": 1, "column": 391 },
            "end": { "line": 1, "column": 403 }
          },
          {
            "start": { "line": 1, "column": 405 },
            "end": { "line": 1, "column": 407 }
          }
        ],
        "line": 1
      },
      "6": {
        "loc": {
          "start": { "line": 1, "column": 426 },
          "end": { "line": 1, "column": 454 }
        },
        "type": "binary-expr",
        "locations": [
          {
            "start": { "line": 1, "column": 426 },
            "end": { "line": 1, "column": 437 }
          },
          {
            "start": { "line": 1, "column": 440 },
            "end": { "line": 1, "column": 453 }
          }
        ],
        "line": 1
      },
      "7": {
        "loc": {
          "start": { "line": 1, "column": 514 },
          "end": { "line": 1, "column": 533 }
        },
        "type": "binary-expr",
        "locations": [
          {
            "start": { "line": 1, "column": 514 },
            "end": { "line": 1, "column": 515 }
          },
          {
            "start": { "line": 1, "column": 517 },
            "end": { "line": 1, "column": 533 }
          }
        ],
        "line": 1
      },
      "8": {
        "loc": {
          "start": { "line": 1, "column": 534 },
          "end": { "line": 1, "column": 543 }
        },
        "type": "binary-expr",
        "locations": [
          {
            "start": { "line": 1, "column": 534 },
            "end": { "line": 1, "column": 535 }
          },
          {
            "start": { "line": 1, "column": 537 },
            "end": { "line": 1, "column": 543 }
          }
        ],
        "line": 1
      },
      "9": {
        "loc": {
          "start": { "line": 1, "column": 880 },
          "end": { "line": 1, "column": 910 }
        },
        "type": "if",
        "locations": [
          {
            "start": { "line": 1, "column": 880 },
            "end": { "line": 1, "column": 910 }
          },
          {
            "start": { "line": 1, "column": 880 },
            "end": { "line": 1, "column": 910 }
          }
        ],
        "line": 1
      },
      "10": {
        "loc": {
          "start": { "line": 1, "column": 1017 },
          "end": { "line": 1, "column": 1121 }
        },
        "type": "if",
        "locations": [
          {
            "start": { "line": 1, "column": 1017 },
            "end": { "line": 1, "column": 1121 }
          },
          {
            "start": { "line": 1, "column": 1017 },
            "end": { "line": 1, "column": 1121 }
          }
        ],
        "line": 1
      },
      "11": {
        "loc": {
          "start": { "line": 1, "column": 1087 },
          "end": { "line": 1, "column": 1120 }
        },
        "type": "cond-expr",
        "locations": [
          {
            "start": { "line": 1, "column": 1089 },
            "end": { "line": 1, "column": 1105 }
          },
          {
            "start": { "line": 1, "column": 1106 },
            "end": { "line": 1, "column": 1120 }
          }
        ],
        "line": 1
      },
      "12": {
        "loc": {
          "start": { "line": 1, "column": 1168 },
          "end": { "line": 1, "column": 1225 }
        },
        "type": "cond-expr",
        "locations": [
          {
            "start": { "line": 1, "column": 1210 },
            "end": { "line": 1, "column": 1222 }
          },
          {
            "start": { "line": 1, "column": 1223 },
            "end": { "line": 1, "column": 1225 }
          }
        ],
        "line": 1
      },
      "13": {
        "loc": {
          "start": { "line": 1, "column": 1168 },
          "end": { "line": 1, "column": 1209 }
        },
        "type": "binary-expr",
        "locations": [
          {
            "start": { "line": 1, "column": 1168 },
            "end": { "line": 1, "column": 1186 }
          },
          {
            "start": { "line": 1, "column": 1188 },
            "end": { "line": 1, "column": 1209 }
          }
        ],
        "line": 1
      },
      "14": {
        "loc": {
          "start": { "line": 1, "column": 1516 },
          "end": { "line": 1, "column": 1569 }
        },
        "type": "binary-expr",
        "locations": [
          {
            "start": { "line": 1, "column": 1516 },
            "end": { "line": 1, "column": 1563 }
          },
          {
            "start": { "line": 1, "column": 1565 },
            "end": { "line": 1, "column": 1569 }
          }
        ],
        "line": 1
      },
      "15": {
        "loc": {
          "start": { "line": 1, "column": 1707 },
          "end": { "line": 1, "column": 1722 }
        },
        "type": "binary-expr",
        "locations": [
          {
            "start": { "line": 1, "column": 1707 },
            "end": { "line": 1, "column": 1715 }
          },
          {
            "start": { "line": 1, "column": 1718 },
            "end": { "line": 1, "column": 1721 }
          }
        ],
        "line": 1
      },
      "16": {
        "loc": {
          "start": { "line": 1, "column": 2162 },
          "end": { "line": 1, "column": 2395 }
        },
        "type": "cond-expr",
        "locations": [
          {
            "start": { "line": 1, "column": 2172 },
            "end": { "line": 1, "column": 2331 }
          },
          {
            "start": { "line": 1, "column": 2333 },
            "end": { "line": 1, "column": 2395 }
          }
        ],
        "line": 1
      },
      "17": {
        "loc": {
          "start": { "line": 1, "column": 2594 },
          "end": { "line": 1, "column": 2876 }
        },
        "type": "if",
        "locations": [
          {
            "start": { "line": 1, "column": 2594 },
            "end": { "line": 1, "column": 2876 }
          },
          {
            "start": { "line": 1, "column": 2594 },
            "end": { "line": 1, "column": 2876 }
          }
        ],
        "line": 1
      },
      "18": {
        "loc": {
          "start": { "line": 1, "column": 2597 },
          "end": { "line": 1, "column": 2601 }
        },
        "type": "binary-expr",
        "locations": [
          {
            "start": { "line": 1, "column": 2597 },
            "end": { "line": 1, "column": 2598 }
          },
          {
            "start": { "line": 1, "column": 2600 },
            "end": { "line": 1, "column": 2601 }
          }
        ],
        "line": 1
      },
      "19": {
        "loc": {
          "start": { "line": 1, "column": 2603 },
          "end": { "line": 1, "column": 2810 }
        },
        "type": "if",
        "locations": [
          {
            "start": { "line": 1, "column": 2603 },
            "end": { "line": 1, "column": 2810 }
          },
          {
            "start": { "line": 1, "column": 2603 },
            "end": { "line": 1, "column": 2810 }
          }
        ],
        "line": 1
      },
      "20": {
        "loc": {
          "start": { "line": 1, "column": 3412 },
          "end": { "line": 1, "column": 3502 }
        },
        "type": "cond-expr",
        "locations": [
          {
            "start": { "line": 1, "column": 3415 },
            "end": { "line": 1, "column": 3496 }
          },
          {
            "start": { "line": 1, "column": 3498 },
            "end": { "line": 1, "column": 3502 }
          }
        ],
        "line": 1
      },
      "21": {
        "loc": {
          "start": { "line": 1, "column": 3630 },
          "end": { "line": 1, "column": 3880 }
        },
        "type": "cond-expr",
        "locations": [
          {
            "start": { "line": 1, "column": 3652 },
            "end": { "line": 1, "column": 3681 }
          },
          {
            "start": { "line": 1, "column": 3682 },
            "end": { "line": 1, "column": 3880 }
          }
        ],
        "line": 1
      },
      "22": {
        "loc": {
          "start": { "line": 1, "column": 3682 },
          "end": { "line": 1, "column": 3880 }
        },
        "type": "cond-expr",
        "locations": [
          {
            "start": { "line": 1, "column": 3707 },
            "end": { "line": 1, "column": 3730 }
          },
          {
            "start": { "line": 1, "column": 3731 },
            "end": { "line": 1, "column": 3880 }
          }
        ],
        "line": 1
      },
      "23": {
        "loc": {
          "start": { "line": 1, "column": 3731 },
          "end": { "line": 1, "column": 3880 }
        },
        "type": "cond-expr",
        "locations": [
          {
            "start": { "line": 1, "column": 3753 },
            "end": { "line": 1, "column": 3777 }
          },
          {
            "start": { "line": 1, "column": 3778 },
            "end": { "line": 1, "column": 3880 }
          }
        ],
        "line": 1
      },
      "24": {
        "loc": {
          "start": { "line": 1, "column": 3778 },
          "end": { "line": 1, "column": 3880 }
        },
        "type": "cond-expr",
        "locations": [
          {
            "start": { "line": 1, "column": 3801 },
            "end": { "line": 1, "column": 3818 }
          },
          {
            "start": { "line": 1, "column": 3819 },
            "end": { "line": 1, "column": 3880 }
          }
        ],
        "line": 1
      },
      "25": {
        "loc": {
          "start": { "line": 1, "column": 3819 },
          "end": { "line": 1, "column": 3880 }
        },
        "type": "binary-expr",
        "locations": [
          {
            "start": { "line": 1, "column": 3819 },
            "end": { "line": 1, "column": 3843 }
          },
          {
            "start": { "line": 1, "column": 3845 },
            "end": { "line": 1, "column": 3880 }
          }
        ],
        "line": 1
      },
      "26": {
        "loc": {
          "start": { "line": 1, "column": 3976 },
          "end": { "line": 1, "column": 4226 }
        },
        "type": "if",
        "locations": [
          {
            "start": { "line": 1, "column": 3976 },
            "end": { "line": 1, "column": 4226 }
          },
          {
            "start": { "line": 1, "column": 3976 },
            "end": { "line": 1, "column": 4226 }
          }
        ],
        "line": 1
      },
      "27": {
        "loc": {
          "start": { "line": 1, "column": 3979 },
          "end": { "line": 1, "column": 4018 }
        },
        "type": "binary-expr",
        "locations": [
          {
            "start": { "line": 1, "column": 3979 },
            "end": { "line": 1, "column": 3990 }
          },
          {
            "start": { "line": 1, "column": 3992 },
            "end": { "line": 1, "column": 4018 }
          }
        ],
        "line": 1
      },
      "28": {
        "loc": {
          "start": { "line": 1, "column": 4405 },
          "end": { "line": 1, "column": 4452 }
        },
        "type": "binary-expr",
        "locations": [
          {
            "start": { "line": 1, "column": 4405 },
            "end": { "line": 1, "column": 4406 }
          },
          {
            "start": { "line": 1, "column": 4409 },
            "end": { "line": 1, "column": 4451 }
          }
        ],
        "line": 1
      }
    },
    "s": {
      "0": 1,
      "1": 1,
      "2": 9,
      "3": 0,
      "4": 3,
      "5": 20,
      "6": 20,
      "7": 3,
      "8": 1,
      "9": 3,
      "10": 1,
      "11": 3,
      "12": 0,
      "13": 0,
      "14": 0,
      "15": 17,
      "16": 11,
      "17": 4,
      "18": 1,
      "19": 3,
      "20": 1,
      "21": 60,
      "22": 1,
      "23": 1,
      "24": 1,
      "25": 3,
      "26": 3,
      "27": 3,
      "28": 3,
      "29": 3,
      "30": 1,
      "31": 2,
      "32": 2,
      "33": 5,
      "34": 7,
      "35": 5,
      "36": 3,
      "37": 3,
      "38": 5,
      "39": 13,
      "40": 13,
      "41": 13,
      "42": 2,
      "43": 2,
      "44": 2,
      "45": 2,
      "46": 2,
      "47": 2,
      "48": 2,
      "49": 2,
      "50": 2,
      "51": 2,
      "52": 0,
      "53": 0,
      "54": 0,
      "55": 0,
      "56": 1,
      "57": 1,
      "58": 1,
      "59": 19,
      "60": 0,
      "61": 65,
      "62": 0,
      "63": 0,
      "64": 65,
      "65": 14,
      "66": 13
    },
    "f": {
      "0": 1,
      "1": 1,
      "2": 9,
      "3": 3,
      "4": 3,
      "5": 1,
      "6": 3,
      "7": 3,
      "8": 0,
      "9": 0,
      "10": 17,
      "11": 11,
      "12": 1,
      "13": 3,
      "14": 60,
      "15": 1,
      "16": 3,
      "17": 2,
      "18": 5,
      "19": 7,
      "20": 3,
      "21": 5,
      "22": 13,
      "23": 2,
      "24": 2,
      "25": 0,
      "26": 0,
      "27": 1,
      "28": 1,
      "29": 1,
      "30": 19,
      "31": 0,
      "32": 65,
      "33": 14,
      "34": 13
    },
    "b": {
      "0": [1, 0],
      "1": [1, 1],
      "2": [0, 0],
      "3": [0, 0],
      "4": [0, 9],
      "5": [20, 20],
      "6": [20, 20],
      "7": [3, 3],
      "8": [3, 0],
      "9": [4, 7],
      "10": [1, 59],
      "11": [0, 1],
      "12": [1, 2],
      "13": [3, 1],
      "14": [5, 0],
      "15": [5, 3],
      "16": [2, 0],
      "17": [2, 0],
      "18": [2, 2],
      "19": [2, 0],
      "20": [16, 3],
      "21": [0, 0],
      "22": [0, 0],
      "23": [0, 0],
      "24": [0, 0],
      "25": [0, 0],
      "26": [0, 65],
      "27": [65, 51],
      "28": [14, 14]
    },
    "_coverageSchema": "332fd63041d2c1bcb487cc26dd0d5f7d97098a6c",
    "hash": "85b32c7d8be57c5c078bbecf04575dfc140241ee"
  }
}
