TN:
SF:/Users/cereallarceny/Dropbox/Development/openmined/code/syft.js/lib/index.js
FN:1,(anonymous_0)
FN:1,(anonymous_1)
FN:1,t
FN:1,s
FN:1,n
FN:1,(anonymous_5)
FN:1,e
FN:1,(anonymous_7)
FN:1,(anonymous_8)
FN:1,(anonymous_9)
FN:1,(anonymous_10)
FN:1,(anonymous_11)
FN:1,(anonymous_12)
FN:1,e
FN:1,(anonymous_14)
FN:1,(anonymous_15)
FN:1,s
FN:1,(anonymous_17)
FN:1,(anonymous_18)
FN:1,(anonymous_19)
FN:1,(anonymous_20)
FN:1,(anonymous_21)
FN:1,(anonymous_22)
FN:1,(anonymous_23)
FN:1,(anonymous_24)
FN:1,(anonymous_25)
FN:1,(anonymous_26)
FN:1,(anonymous_27)
FN:1,(anonymous_28)
FN:1,(anonymous_29)
FN:1,(anonymous_30)
FN:1,(anonymous_31)
FN:1,(anonymous_32)
FN:1,(anonymous_33)
FN:1,(anonymous_34)
FNF:35
FNH:30
FNDA:1,(anonymous_0)
FNDA:1,(anonymous_1)
FNDA:9,t
FNDA:3,s
FNDA:3,n
FNDA:1,(anonymous_5)
FNDA:3,e
FNDA:3,(anonymous_7)
FNDA:0,(anonymous_8)
FNDA:0,(anonymous_9)
FNDA:17,(anonymous_10)
FNDA:11,(anonymous_11)
FNDA:1,(anonymous_12)
FNDA:3,e
FNDA:60,(anonymous_14)
FNDA:1,(anonymous_15)
FNDA:3,s
FNDA:2,(anonymous_17)
FNDA:5,(anonymous_18)
FNDA:7,(anonymous_19)
FNDA:3,(anonymous_20)
FNDA:5,(anonymous_21)
FNDA:13,(anonymous_22)
FNDA:2,(anonymous_23)
FNDA:2,(anonymous_24)
FNDA:0,(anonymous_25)
FNDA:0,(anonymous_26)
FNDA:1,(anonymous_27)
FNDA:1,(anonymous_28)
FNDA:1,(anonymous_29)
FNDA:19,(anonymous_30)
FNDA:0,(anonymous_31)
FNDA:65,(anonymous_32)
FNDA:14,(anonymous_33)
FNDA:13,(anonymous_34)
DA:1,65
LF:1
LH:1
BRDA:1,0,0,1
BRDA:1,0,1,0
BRDA:1,1,0,1
BRDA:1,1,1,1
BRDA:1,2,0,0
BRDA:1,2,1,0
BRDA:1,3,0,0
BRDA:1,3,1,0
BRDA:1,4,0,0
BRDA:1,4,1,9
BRDA:1,5,0,20
BRDA:1,5,1,20
BRDA:1,6,0,20
BRDA:1,6,1,20
BRDA:1,7,0,3
BRDA:1,7,1,3
BRDA:1,8,0,3
BRDA:1,8,1,0
BRDA:1,9,0,4
BRDA:1,9,1,7
BRDA:1,10,0,1
BRDA:1,10,1,59
BRDA:1,11,0,0
BRDA:1,11,1,1
BRDA:1,12,0,1
BRDA:1,12,1,2
BRDA:1,13,0,3
BRDA:1,13,1,1
BRDA:1,14,0,5
BRDA:1,14,1,0
BRDA:1,15,0,5
BRDA:1,15,1,3
BRDA:1,16,0,2
BRDA:1,16,1,0
BRDA:1,17,0,2
BRDA:1,17,1,0
BRDA:1,18,0,2
BRDA:1,18,1,2
BRDA:1,19,0,2
BRDA:1,19,1,0
BRDA:1,20,0,16
BRDA:1,20,1,3
BRDA:1,21,0,0
BRDA:1,21,1,0
BRDA:1,22,0,0
BRDA:1,22,1,0
BRDA:1,23,0,0
BRDA:1,23,1,0
BRDA:1,24,0,0
BRDA:1,24,1,0
BRDA:1,25,0,0
BRDA:1,25,1,0
BRDA:1,26,0,0
BRDA:1,26,1,65
BRDA:1,27,0,65
BRDA:1,27,1,51
BRDA:1,28,0,14
BRDA:1,28,1,14
BRF:58
BRH:35
end_of_record
